<?xml version="1.0" encoding="UTF-8"?>
<testng-results ignored="0" total="1" passed="1" failed="0" skipped="0">
  <reporter-output>
  </reporter-output>
  <suite started-at="2023-12-27T17:41:42 IST" name="Default suite" finished-at="2023-12-27T17:41:59 IST" duration-ms="17480">
    <groups>
    </groups>
    <test started-at="2023-12-27T17:41:42 IST" name="Default test" finished-at="2023-12-27T17:41:59 IST" duration-ms="17480">
      <class name="TestLayer.TestClass">
        <test-method is-config="true" signature="Setup()[pri:0, instance:TestLayer.TestClass@6392827e]" started-at="2023-12-27T17:41:42 IST" name="Setup" finished-at="2023-12-27T17:41:56 IST" duration-ms="13748" status="PASS">
          <reporter-output>
          </reporter-output>
        </test-method> <!-- Setup -->
        <test-method signature="validateLoginPageFunction()[pri:0, instance:TestLayer.TestClass@6392827e]" started-at="2023-12-27T17:41:56 IST" name="validateLoginPageFunction" finished-at="2023-12-27T17:41:59 IST" duration-ms="3612" status="PASS">
          <reporter-output>
          </reporter-output>
        </test-method> <!-- validateLoginPageFunction -->
        <test-method is-config="true" signature="TearDown()[pri:0, instance:TestLayer.TestClass@6392827e]" started-at="2023-12-27T17:41:59 IST" name="TearDown" finished-at="2023-12-27T17:41:59 IST" duration-ms="1" status="PASS">
          <reporter-output>
          </reporter-output>
        </test-method> <!-- TearDown -->
      </class> <!-- TestLayer.TestClass -->
    </test> <!-- Default test -->
  </suite> <!-- Default suite -->
</testng-results>
