<?xml version="1.0" encoding="UTF-8"?>
<testng-results ignored="0" total="1" passed="1" failed="0" skipped="0">
  <reporter-output>
  </reporter-output>
  <suite started-at="2024-01-13T16:49:42 IST" name="Default suite" finished-at="2024-01-13T16:50:05 IST" duration-ms="23152">
    <groups>
    </groups>
    <test started-at="2024-01-13T16:49:42 IST" name="Default test" finished-at="2024-01-13T16:50:05 IST" duration-ms="23152">
      <class name="TestLayer.TestClass">
        <test-method is-config="true" signature="Setup()[pri:0, instance:TestLayer.TestClass@1de5f259]" started-at="2024-01-13T16:49:42 IST" name="Setup" finished-at="2024-01-13T16:50:01 IST" duration-ms="18401" status="PASS">
          <reporter-output>
          </reporter-output>
        </test-method> <!-- Setup -->
        <test-method signature="validateLoginPageFunction()[pri:0, instance:TestLayer.TestClass@1de5f259]" started-at="2024-01-13T16:50:01 IST" name="validateLoginPageFunction" finished-at="2024-01-13T16:50:05 IST" duration-ms="4690" status="PASS">
          <reporter-output>
          </reporter-output>
        </test-method> <!-- validateLoginPageFunction -->
        <test-method is-config="true" signature="TearDown()[pri:0, instance:TestLayer.TestClass@1de5f259]" started-at="2024-01-13T16:50:05 IST" name="TearDown" finished-at="2024-01-13T16:50:05 IST" duration-ms="1" status="PASS">
          <reporter-output>
          </reporter-output>
        </test-method> <!-- TearDown -->
      </class> <!-- TestLayer.TestClass -->
    </test> <!-- Default test -->
  </suite> <!-- Default suite -->
</testng-results>
